number,value,datetime_start,datetime_complete,duration,params_activation,params_batch_size,params_embedding_dim,params_first_neurons,params_learning_rate,params_n_layers,params_shrink_factor,user_attrs_architecture,user_attrs_test_deviance,state
0,0.26984638522830434,2026-03-04 10:49:47.317262,2026-03-04 10:50:21.810328,0 days 00:00:34.493066,selu,5000,3,64,0.004484412043027275,6,0.5486276483132457,"[64, 35, 19, 16, 16, 16]",0.26984638522830434,COMPLETE
1,0.2719111180638838,2026-03-04 10:50:21.812343,2026-03-04 10:51:40.244106,0 days 00:01:18.431763,selu,5000,1,256,0.004289923003616054,3,0.8246732596357293,"[256, 211, 174]",0.2719111180638838,COMPLETE
2,0.27154227407009823,2026-03-04 10:51:40.245759,2026-03-04 10:54:43.356658,0 days 00:03:03.110899,relu,5000,4,64,0.00010727782071330203,4,0.6009705413779362,"[64, 38, 23, 16]",0.27154227407009823,COMPLETE
3,0.27064786003822267,2026-03-04 10:54:43.358273,2026-03-04 10:55:38.253113,0 days 00:00:54.894840,tanh,50000,3,64,0.0030546353840421136,6,0.8562183778914016,"[64, 54, 46, 40, 34, 29]",0.27064786003822267,COMPLETE
4,0.27182690952378663,2026-03-04 10:55:38.254881,2026-03-04 10:56:11.898108,0 days 00:00:33.643227,relu,50000,4,112,0.005884459619693207,4,0.8409580351365226,"[112, 94, 79, 66]",0.27182690952378663,COMPLETE
5,0.27026123665032586,2026-03-04 10:56:11.899901,2026-03-04 10:57:24.300846,0 days 00:01:12.400945,selu,5000,3,160,0.0018192138393488236,3,0.6505009817189452,"[160, 104, 67]",0.27026123665032586,COMPLETE
6,0.27022125217746584,2026-03-04 10:57:24.302307,2026-03-04 10:57:54.023791,0 days 00:00:29.721484,tanh,5000,1,112,0.00857470897367499,3,0.5986143524814198,"[112, 67, 40]",0.27022125217746584,COMPLETE
7,0.2712727773103457,2026-03-04 10:57:54.025360,2026-03-04 10:59:02.056296,0 days 00:01:08.030936,relu,50000,4,80,0.0006166970394263135,5,0.711214089327219,"[80, 56, 40, 28, 20]",0.2712727773103457,COMPLETE
8,0.2709890883011098,2026-03-04 10:59:02.057768,2026-03-04 10:59:35.213351,0 days 00:00:33.155583,relu,10000,2,80,0.0020791227974509374,4,0.6250561191502972,"[80, 50, 31, 19]",0.2709890883011098,COMPLETE
9,0.27018838776695675,2026-03-04 10:59:35.214794,2026-03-04 11:00:52.404013,0 days 00:01:17.189219,tanh,50000,4,128,0.0017809327302469719,5,0.7790939630051824,"[128, 99, 77, 60, 47]",0.27018838776695675,COMPLETE
10,0.2696851481941087,2026-03-04 11:00:52.405265,2026-03-04 11:03:09.520533,0 days 00:02:17.115268,selu,10000,2,208,0.000637413650214716,6,0.5192342337740989,"[208, 108, 56, 29, 16, 16]",0.2696851481941087,COMPLETE
11,0.2692453315424693,2026-03-04 11:03:09.521984,2026-03-04 11:06:05.842961,0 days 00:02:56.320977,selu,10000,2,240,0.0005328635435120163,6,0.5096894946970388,"[240, 122, 62, 31, 16, 16]",0.2692453315424693,COMPLETE
12,0.2693608989340513,2026-03-04 11:06:05.844565,2026-03-04 11:09:06.935410,0 days 00:03:01.090845,selu,10000,2,224,0.000367889508545853,6,0.5001910895063735,"[224, 112, 56, 28, 16, 16]",0.2693608989340513,COMPLETE
13,0.27031487822721845,2026-03-04 11:09:06.936799,2026-03-04 11:14:23.429527,0 days 00:05:16.492728,selu,10000,2,256,0.00021163021287159476,5,0.5058401655431083,"[256, 129, 65, 33, 16]",0.27031487822721845,COMPLETE
14,0.27043529138405253,2026-03-04 11:14:23.430894,2026-03-04 11:16:38.809093,0 days 00:02:15.378199,selu,10000,2,208,0.0003294162963886281,6,0.5585860560072782,"[208, 116, 64, 36, 20, 16]",0.27043529138405253,COMPLETE
15,0.27092082916125637,2026-03-04 11:16:38.810566,2026-03-04 11:18:51.170276,0 days 00:02:12.359710,selu,10000,1,208,0.00035860835804774326,5,0.724523098073751,"[208, 150, 109, 79, 57]",0.27092082916125637,COMPLETE
16,0.2693191013295616,2026-03-04 11:18:51.171861,2026-03-04 11:20:30.602194,0 days 00:01:39.430333,selu,10000,2,224,0.0009262079833399538,6,0.6739233517031187,"[224, 150, 101, 68, 46, 31]",0.2693191013295616,COMPLETE
17,0.2694026656738257,2026-03-04 11:20:30.603689,2026-03-04 11:21:50.751137,0 days 00:01:20.147448,selu,10000,3,160,0.0009138840287999405,6,0.6652350961517537,"[160, 106, 70, 47, 31, 20]",0.2694026656738257,COMPLETE
18,0.270113984220305,2026-03-04 11:21:50.752937,2026-03-04 11:23:29.633511,0 days 00:01:38.880574,selu,10000,1,240,0.001081339962610221,5,0.7575292049278649,"[240, 181, 137, 104, 79]",0.270113984220305,COMPLETE
19,0.2693128487134082,2026-03-04 11:23:29.635086,2026-03-04 11:29:28.482699,0 days 00:05:58.847613,tanh,10000,2,176,0.00013621362247962432,6,0.897877759742953,"[176, 158, 141, 127, 114, 102]",0.2693128487134082,COMPLETE
20,0.2696734003179048,2026-03-04 11:29:28.484216,2026-03-04 11:37:21.119448,0 days 00:07:52.635232,tanh,10000,3,176,0.00011689823878618102,5,0.883249078284905,"[176, 155, 137, 121, 107]",0.2696734003179048,COMPLETE
21,0.26975976178001587,2026-03-04 11:37:21.121438,2026-03-04 11:44:05.228483,0 days 00:06:44.107045,tanh,10000,2,192,0.00017056358492438103,6,0.7904273078247623,"[192, 151, 119, 94, 74, 59]",0.26975976178001587,COMPLETE
22,0.26994252315824646,2026-03-04 11:44:05.229963,2026-03-04 11:46:37.922354,0 days 00:02:32.692391,tanh,10000,2,240,0.0005909263511230653,6,0.679716314639763,"[240, 163, 110, 75, 51, 34]",0.26994252315824646,COMPLETE
23,0.2695494440836071,2026-03-04 11:46:37.924351,2026-03-04 11:48:26.964903,0 days 00:01:49.040552,tanh,10000,2,176,0.0009569478993630724,6,0.8938063617079266,"[176, 157, 140, 125, 112, 100]",0.2695494440836071,COMPLETE
24,0.2707769194766107,2026-03-04 11:48:26.966358,2026-03-04 11:52:59.361610,0 days 00:04:32.395252,selu,10000,1,224,0.00022718577599080365,6,0.7483069643855659,"[224, 167, 125, 93, 70, 52]",0.2707769194766107,COMPLETE
